<?xml version="1.0" encoding="UTF-8"?>
<!-- Generated by org.testng.reporters.JUnitXMLReporter -->
<testsuite ignored="0" hostname="TTNDALAPLIN009" failures="1" tests="1" name="Regression Login Test" time="0.041" errors="0" timestamp="2022-04-17T01:50:17 IST">
  <testcase classname="regression.Testcase2" name="validateTitle" time="0.011">
    <failure type="java.lang.AssertionError" message="The following asserts failed:
	Title is Not matching sonu expected [Yahoo.com] but found [Gmail.com]">
      <![CDATA[java.lang.AssertionError: The following asserts failed:
Title is Not matching sonu expected [Yahoo.com] but found [Gmail.com]
at regression.Testcase2.validateTitle(Testcase2.java:22)
at java.base/java.util.ArrayList.forEach(ArrayList.java:1511)
... Removed 29 stack frames]]>
    </failure>
  </testcase> <!-- validateTitle -->
</testsuite> <!-- Regression Login Test -->
